<?xml version="1.0" encoding="UTF-8"?>
<!-- Generated by org.testng.reporters.JUnitReportReporter -->
<testsuite hostname="LAPTOP-I8UJNKE6" failures="0" tests="1" name="TestNG.NewTest2" time="0.002" errors="0" timestamp="2025-09-10T01:35:08 IST" skipped="0">
  <testcase classname="TestNG.NewTest2" name="f" time="0.002"/>
</testsuite> <!-- TestNG.NewTest2 -->
